This is pdfTeX, Version 3.14159265-2.6-1.40.20 (TeX Live 2019/Debian) (preloaded format=pdfcsplain 2021.3.28)  13 MAY 2021 22:44
entering extended mode
 restricted \write18 enabled.
 %&-line parsing enabled.
 encTeX v. Jun. 2004, reencoding enabled
**bakalarka
(./bakalarka.tex The format: csplain <Mar. 2019>.
The cs-fonts are preloaded and A4 size implicitly defined.
The utf8->iso8859-2 re-encoding of Czech+Slovak alphabet activated by encTeX
(./ctustyle2.tex
CTUstyle2: Thesis at Czech Technical University in Prague, <beta(h) Mar.2021>
\testinput=\read0

(./opmac.tex
This is OPmac (Olsak's Plain macros), version <Apr. 2020>
\tmpnum=\count28
\tmpdim=\dimen16
\iindent=\dimen17
\ttindent=\dimen18
\colsep=\dimen19
\mnoteindent=\dimen20
\mnotesize=\dimen21
\titskip=\skip18
\ptunit=\dimen22
\fontdim=\dimen23
(/usr/share/texlive/texmf-dist/tex/csplain/fonts/ams-math.tex
FONT: AMS math fonts - \mathchardef's prepared, 12 math families preloaded.
\ptmunit=\dimen24
)
The \^, \`, \', \v, \" and \r expands to characters by ISO-8859-2.
\reffile=\write0
\testin=\read1
\chapnum=\count29
\secnum=\count30
\seccnum=\count31
\nonumnum=\count32
\remskipamount=\skip19
\tnum=\count33
\fnum=\count34
\dnum=\count35
\itemnum=\count36
\mullines=\count37
\oulnum=\count38
\ttline=\count39
\viline=\count40
\vifile=\read2
\tabdata=\toks12
\colnum=\count41
\drulewidth=\dimen25
\picwidth=\dimen26
\picheight=\dimen27
\fnotenum=\count42
\fnotenumlocal=\count43
\mnotenum=\count44
\mnoteskip=\dimen28
\auxfile=\write1
\bibnum=\count45
\bibmark=\toks13
\lastcitenum=\count46
\lastpage=\count47
\pgwidth=\dimen29
\pgheight=\dimen30
\shiftoffset=\dimen31

(./bakalarka.ref)
\openout0 = `bakalarka.ref'.

)
\faculty=\toks14
\department=\toks15
\title=\toks16
\subtitle=\toks17
\author=\toks18
\supervisor=\toks19
\date=\toks20
\studyinfo=\toks21
\authorinfo=\toks22
\workinfo=\toks23
\workname=\toks24
\pagetwo=\toks25
\titleEN=\toks26
\titleCZ=\toks27
\titleSK=\toks28
\subtitleEN=\toks29
\subtitleCZ=\toks30
\subtitleSK=\toks31
\abstractEN=\toks32
\abstractCZ=\toks33
\abstractSK=\toks34
\keywordsEN=\toks35
\keywordsCZ=\toks36
\keywordsSK=\toks37
\thanks=\toks38
\declaration=\toks39
\specification=\toks40
 (/usr/share/texlive/texmf-dist/tex/csplain/fonts/lmfonts.tex (/usr/share/texli
ve/texmf-dist/tex/csplain/fonts/ff-mac.tex)
FONT: Latin Modern - {\caps \sans \ttset \slant \nbold \ttprop \ttlight \ttcond
 \quotset \upital \dunhill } {\rm \bf \it \bi } +AMS
(/usr/share/texlive/texmf-dist/tex/csplain/fonts/chars-8z.tex)){/var/lib/texmf/
fonts/map/pdftex/updmap/pdftex.map}
\leftbox=\box16
\rightbox=\box17
\frontht=\dimen32
\tocbox=\box18
\tofbox=\box19
\totbox=\box20
\appnum=\count48
\numA=\count49
\numB=\count50
\numC=\count51
\numD=\count52
\numE=\count53
\maxglosindent=\dimen33
\rfcnum=\count54
)
(/usr/share/texlive/texmf-dist/tex/csplain/opmac/opmac-bib.tex (./librarian.tex
\lb@entrycount=\count55
\lb@namecount=\count56
\lb@tempcount=\count57
\lb@sortnumber=\count58
\NameCount=\count59
\lb@read=\read3
)) English hyphenation used (\language=0). \nonfrenchspacing is set on.
[-1 <./ctulogo-new.pdf>]
Underfull \vbox (badness 10000) has occurred while \output is active
\vbox(674.33032+0.0)x0.0
.\vbox(0.0+0.0)x0.0, glue set 25.0fil
..\kern -25.0
..\pdfdest name{pg:.-2} xyz
..\glue 0.0 plus 1.0fil minus 1.0fil
.\glue(\topskip) 10.0
.\hbox(0.0+0.0)x0.0

 [-2]
Overfull \vbox (66.52928pt too high) has occurred while \output is active
\vbox(674.33032+0.0)x415.41025, glue set - 1.0
.\vbox(0.0+0.0)x0.0, glue set 25.0fil
..\kern -25.0
..\pdfdest name{pg:.-3} xyz
..\glue 0.0 plus 1.0fil minus 1.0fil
.\glue(\topskip) 0.0
.\hbox(736.32613+0.0)x415.41025, glue set - 52.63763fil
..\glue 0.0 plus 1.0fil minus 1.0fil
..\hbox(736.32613+0.0)x520.68552
...\pdfrefximage(736.32613+0.0)x520.68552
..\glue 0.0 plus 1.0fil minus 1.0fil
.\penalty 10000
.\glue 6.8 plus 2.26653 minus 2.26653


[-3 <./zadani.png>] [-4]
Underfull \hbox (badness 5771) in paragraph at lines 138--138
\tenrm pro spo-jité black-box op-ti-ma-li-zační

\hbox(7.57762+2.13887)x190.63347, glue set 3.86623
.\tenrm p
.\tenrm r
.\tenrm o
.\glue 3.66666 plus 1.83333 minus 1.22221
.\tenrm s
.\tenrm p
.\kern0.30556
.\discretionary replacing 2
..\tenrm o
..\tenrm -
.\tenrm o
.\kern0.30556
.\tenrm j
.\tenrm i
.\tenrm t
.\tenrm é
.\glue 3.66666 plus 1.83333 minus 1.22221
.\tenrm b
.\tenrm l
.\tenrm a
.\tenrm c
.\kern-0.30557
.\tenrm k
.\tenrm -
.\discretionary
.\tenrm b
.\kern0.30556
.\tenrm o
.\kern-0.30557
.\tenrm x
.\glue 3.66666 plus 1.83333 minus 1.22221
.\tenrm o
.etc.


Underfull \hbox (badness 8170) in paragraph at lines 138--138
\tenrm dif-fer-en-tial evo-lu-tion, link-age tree,

\hbox(7.57762+2.13887)x190.63347, glue set 4.34314
.\tenrm d
.\tenrm i
.\discretionary replacing 1
..\tenrm f
..\tenrm -
.|\tenrm f
.\tenrm ^^K (ligature ff)
.\tenrm e
.\tenrm r
.\discretionary
..\tenrm -
.\tenrm e
.\discretionary replacing 2
..\tenrm n
..\tenrm -
.\tenrm n
.\kern-0.30557
.\tenrm t
.\tenrm i
.\tenrm a
.\tenrm l
.\glue 3.66666 plus 1.83333 minus 1.22221
.\tenrm e
.\tenrm v
.\kern-0.30557
.\tenrm o
.\discretionary
..\tenrm -
.\tenrm l
.\tenrm u
.\discretionary
..\tenrm -
.\tenrm t
.\tenrm i
.\tenrm o
.\tenrm n
.\tenrm ,
.\glue 3.66666 plus 2.29166 minus 0.97777
.etc.

[-5] [-6] [-7] [-8] [1] [2] [3] [4 <./EApseudocode.jpg>] [5] [6 <./DEpseudocode
.jpg>] [7] [8 <./LT.png>] [9 <./DEFOSpseudocode.jpg>] [10] [11] [12] [13 <./DE_
final.png>] [14] [15] [16] [17] [18] [19] [20 <./separable.png>]
l.1195 OPmac WARNING: label [block-separable] unknown. Try to TeX me again.
[21] [22 <./block-separable.png>] [23 <./non-separable.png> <./Ellipsoid5.png> 
<./Ellipsoid20.png>] [24 <./Bent5.png> <./Bent20.png> <./Griewank5.png> <./Grie
wank20.png>] [25] [26]
(/usr/share/texlive/texmf-dist/tex/csplain/opmac/opmac-bib-simple.tex)
(./myreferences.bib)
l.1333 OPmac WARNING: Missing field ``address'' in [IntoEA].
l.1333 OPmac WARNING: Entrytype @book  from [Luke2009] undefined.
l.1333 OPmac WARNING: Missing field ``isbn'' in [Darwin].
l.1333 OPmac WARNING: Missing field ``isbn'' in [Spencer].
l.1333 OPmac WARNING: Missing field ``journal'' in [FOS].

Underfull \hbox (badness 1558) in paragraph at lines 1333--1333
\tenrm Learn-ing by Fil-ter-ing and Com-bin-ing Link-age Hi-er-ar-chies. 2013, 
359{366.

\hbox(7.57762+2.13887)x392.07898, glue set 2.50146
.\tenrm L
.\tenrm e
.\tenrm a
.\tenrm r
.\tenrm n
.\discretionary
..\tenrm -
.\tenrm i
.\tenrm n
.\tenrm g
.\glue 3.66666 plus 1.83333 minus 1.22221
.\tenrm b
.\kern-0.30557
.\tenrm y
.\glue 3.66666 plus 1.83333 minus 1.22221
.\tenrm F
.\tenrm i
.\tenrm l
.\discretionary
..\tenrm -
.\tenrm t
.\tenrm e
.\tenrm r
.\discretionary
..\tenrm -
.\tenrm i
.\tenrm n
.\tenrm g
.\glue 3.66666 plus 1.83333 minus 1.22221
.\tenrm a
.\tenrm n
.\tenrm d
.\glue 3.66666 plus 1.83333 minus 1.22221
.etc.

l.1333 OPmac WARNING: Missing field ``title'' in [LT].
l.1333 OPmac WARNING: Missing field ``year'' in [LT].
l.1333 OPmac WARNING: Missing field ``journal'' in [LTpic].
l.1333 OPmac WARNING: Missing field ``journal'' in [MP].

Underfull \hbox (badness 1178) in paragraph at lines 1333--1333
\tenrm Valued Gene-Pool Op-ti-mal Mix-ing Evo-lu-tion-ary Al-go-rithm. 2017, 70
5{712.

\hbox(7.57762+2.13887)x392.07898, glue set 2.27902
.\tenrm V
.\kern-0.91667
.\tenrm a
.\tenrm l
.\tenrm u
.\tenrm e
.\tenrm d
.\glue 3.66666 plus 1.83333 minus 1.22221
.\tenrm G
.\tenrm e
.\tenrm n
.\tenrm e
.\tenrm -
.\discretionary
.\tenrm P
.\kern-0.30557
.\tenrm o
.\kern0.30556
.\tenrm o
.\tenrm l
.\glue 3.66666 plus 1.83333 minus 1.22221
.\tenrm O
.\tenrm p
.\discretionary
..\tenrm -
.\tenrm t
.\tenrm i
.\discretionary
..\tenrm -
.\tenrm m
.\tenrm a
.\tenrm l
.etc.

l.1333 OPmac WARNING: Missing field ``journal'' in [LINC].

Underfull \hbox (badness 2735) in paragraph at lines 1333--1333
\tenit IEEE Trans-ac-tions on Evo-lu-tion-ary Com-pu-ta-tion\tenrm . 2021, 25 (
2), 358-370.

\hbox(8.25+2.75)x392.07898, glue set 3.01543
.\tenit I
.\tenit E
.\tenit E
.\tenit E
.\glue 3.93555 plus 1.68497 minus 1.12555
.\tenit T
.\kern-0.84334
.\tenit r
.\kern-0.56223
.\tenit a
.\tenit n
.\tenit s
.\discretionary
..\tenit -
.\tenit a
.\tenit c
.\discretionary
..\tenit -
.\tenit t
.\tenit i
.\tenit o
.\tenit n
.\tenit s
.\glue 3.93555 plus 1.68666 minus 1.12444
.\tenit o
.\tenit n
.\glue 3.93555 plus 1.68666 minus 1.12444
.\tenit E
.\tenit v
.\tenit o
.\discretionary
..\tenit -
.\tenit l
.etc.

[27]
l.1333 OPmac WARNING: Entrytype @masterthesis from [RASTRIGIN2] undefined.
[28]
l.1333 OPmac WARNING: Missing field ``journal'' in [BBOBSETUP].
[29] [30] [31] ){/usr/share/texmf/fonts/enc/dvips/lm/lm-cstt.enc}{/usr/share/te
xmf/fonts/enc/dvips/lm/lm-mathsy.enc}{/usr/share/texmf/fonts/enc/dvips/lm/lm-cs
.enc}{/usr/share/texmf/fonts/enc/dvips/lm/lm-mathit.enc}{/usr/share/texmf/fonts
/enc/dvips/lm/lm-mathex.enc}{xl2tech.enc}<./Technika-Bold.pfb><./Technika-Book.
pfb><./Technika-BookItalic.pfb></usr/share/texmf/fonts/type1/public/lm/lmex10.p
fb></usr/share/texmf/fonts/type1/public/lm/lmmi10.pfb></usr/share/texmf/fonts/t
ype1/public/lm/lmmi6.pfb></usr/share/texmf/fonts/type1/public/lm/lmmi8.pfb></us
r/share/texmf/fonts/type1/public/lm/lmr10.pfb></usr/share/texmf/fonts/type1/pub
lic/lm/lmr6.pfb></usr/share/texmf/fonts/type1/public/lm/lmr8.pfb></usr/share/te
xmf/fonts/type1/public/lm/lmri10.pfb></usr/share/texmf/fonts/type1/public/lm/lm
ssbx10.pfb></usr/share/texmf/fonts/type1/public/lm/lmsy10.pfb></usr/share/texmf
/fonts/type1/public/lm/lmsy6.pfb></usr/share/texmf/fonts/type1/public/lm/lmsy8.
pfb></usr/share/texmf/fonts/type1/public/lm/lmtt10.pfb></usr/share/texlive/texm
f-dist/fonts/type1/public/amsfonts/symbols/msbm10.pfb></usr/share/texlive/texmf
-dist/fonts/type1/public/amsfonts/symbols/msbm6.pfb></usr/share/texlive/texmf-d
ist/fonts/type1/public/amsfonts/symbols/msbm8.pfb>
Output written on bakalarka.pdf (39 pages, 2958097 bytes).
PDF statistics:
 797 PDF objects out of 1000 (max. 8388607)
 702 compressed objects within 8 object streams
 151 named destinations out of 1000 (max. 500000)
 497 words of extra memory for PDF output out of 10000 (max. 10000000)

